# This is the CMakeCache file.
# For build in directory: /Users/carefreelife/Desktop/INU/2024_5_1/capstone_design2/code/build
# It was generated by CMake: /opt/homebrew/Cellar/cmake/3.29.1/bin/cmake
# You can edit this file to change values found and used by cmake.
# If you do not want to change any of the values, simply exit the editor.
# If you do want to change a value, simply edit, save, and exit the editor.
# The syntax for the file is as follows:
# KEY:TYPE=VALUE
# KEY is the name of a variable in the cache.
# TYPE is a hint to GUIs for the type of VALUE, DO NOT EDIT TYPE!.
# VALUE is the current value for the KEY.

########################
# EXTERNAL cache entries
########################

//Build shared libraries
BUILD_SHARED_LIBS:BOOL=ON

//Path to a program.
CMAKE_ADDR2LINE:FILEPATH=CMAKE_ADDR2LINE-NOTFOUND

//Path to a program.
CMAKE_AR:FILEPATH=/Library/Developer/CommandLineTools/usr/bin/ar

//Choose the type of build, options are: None Debug Release RelWithDebInfo
// MinSizeRel ...
CMAKE_BUILD_TYPE:STRING=

//Enable/Disable color output during build.
CMAKE_COLOR_MAKEFILE:BOOL=ON

//CXX compiler
CMAKE_CXX_COMPILER:FILEPATH=/Library/Developer/CommandLineTools/usr/bin/c++

//Flags used by the CXX compiler during all build types.
CMAKE_CXX_FLAGS:STRING=

//Flags used by the CXX compiler during DEBUG builds.
CMAKE_CXX_FLAGS_DEBUG:STRING=-g

//Flags used by the CXX compiler during MINSIZEREL builds.
CMAKE_CXX_FLAGS_MINSIZEREL:STRING=-Os -DNDEBUG

//Flags used by the CXX compiler during RELEASE builds.
CMAKE_CXX_FLAGS_RELEASE:STRING=-O3 -DNDEBUG

//Flags used by the CXX compiler during RELWITHDEBINFO builds.
CMAKE_CXX_FLAGS_RELWITHDEBINFO:STRING=-O2 -g -DNDEBUG

//C compiler
CMAKE_C_COMPILER:FILEPATH=/Library/Developer/CommandLineTools/usr/bin/cc

//Flags used by the C compiler during all build types.
CMAKE_C_FLAGS:STRING=

//Flags used by the C compiler during DEBUG builds.
CMAKE_C_FLAGS_DEBUG:STRING=-g

//Flags used by the C compiler during MINSIZEREL builds.
CMAKE_C_FLAGS_MINSIZEREL:STRING=-Os -DNDEBUG

//Flags used by the C compiler during RELEASE builds.
CMAKE_C_FLAGS_RELEASE:STRING=-O3 -DNDEBUG

//Flags used by the C compiler during RELWITHDEBINFO builds.
CMAKE_C_FLAGS_RELWITHDEBINFO:STRING=-O2 -g -DNDEBUG

//Path to a program.
CMAKE_DLLTOOL:FILEPATH=CMAKE_DLLTOOL-NOTFOUND

//Flags used by the linker during all build types.
CMAKE_EXE_LINKER_FLAGS:STRING=

//Flags used by the linker during DEBUG builds.
CMAKE_EXE_LINKER_FLAGS_DEBUG:STRING=

//Flags used by the linker during MINSIZEREL builds.
CMAKE_EXE_LINKER_FLAGS_MINSIZEREL:STRING=

//Flags used by the linker during RELEASE builds.
CMAKE_EXE_LINKER_FLAGS_RELEASE:STRING=

//Flags used by the linker during RELWITHDEBINFO builds.
CMAKE_EXE_LINKER_FLAGS_RELWITHDEBINFO:STRING=

//Enable/Disable output of compile commands during generation.
CMAKE_EXPORT_COMPILE_COMMANDS:BOOL=

//Value Computed by CMake.
CMAKE_FIND_PACKAGE_REDIRECTS_DIR:STATIC=/Users/carefreelife/Desktop/INU/2024_5_1/capstone_design2/code/build/CMakeFiles/pkgRedirects

//Path to a program.
CMAKE_INSTALL_NAME_TOOL:FILEPATH=/usr/bin/install_name_tool

//Install path prefix, prepended onto install directories.
CMAKE_INSTALL_PREFIX:PATH=/usr/local

//Path to a program.
CMAKE_LINKER:FILEPATH=/Library/Developer/CommandLineTools/usr/bin/ld

//Path to a program.
CMAKE_MAKE_PROGRAM:FILEPATH=/usr/bin/make

//Flags used by the linker during the creation of modules during
// all build types.
CMAKE_MODULE_LINKER_FLAGS:STRING=

//Flags used by the linker during the creation of modules during
// DEBUG builds.
CMAKE_MODULE_LINKER_FLAGS_DEBUG:STRING=

//Flags used by the linker during the creation of modules during
// MINSIZEREL builds.
CMAKE_MODULE_LINKER_FLAGS_MINSIZEREL:STRING=

//Flags used by the linker during the creation of modules during
// RELEASE builds.
CMAKE_MODULE_LINKER_FLAGS_RELEASE:STRING=

//Flags used by the linker during the creation of modules during
// RELWITHDEBINFO builds.
CMAKE_MODULE_LINKER_FLAGS_RELWITHDEBINFO:STRING=

//Path to a program.
CMAKE_NM:FILEPATH=/Library/Developer/CommandLineTools/usr/bin/nm

//Path to a program.
CMAKE_OBJCOPY:FILEPATH=CMAKE_OBJCOPY-NOTFOUND

//Path to a program.
CMAKE_OBJDUMP:FILEPATH=/Library/Developer/CommandLineTools/usr/bin/objdump

//Build architectures for OSX
CMAKE_OSX_ARCHITECTURES:STRING=

//Minimum OS X version to target for deployment (at runtime); newer
// APIs weak linked. Set to empty string for default value.
CMAKE_OSX_DEPLOYMENT_TARGET:STRING=

//The product will be built against the headers and libraries located
// inside the indicated SDK.
CMAKE_OSX_SYSROOT:PATH=/Library/Developer/CommandLineTools/SDKs/MacOSX14.2.sdk

//Value Computed by CMake
CMAKE_PROJECT_DESCRIPTION:STATIC=

//Value Computed by CMake
CMAKE_PROJECT_HOMEPAGE_URL:STATIC=

//Value Computed by CMake
CMAKE_PROJECT_NAME:STATIC=lcm

//Path to a program.
CMAKE_RANLIB:FILEPATH=/Library/Developer/CommandLineTools/usr/bin/ranlib

//Path to a program.
CMAKE_READELF:FILEPATH=CMAKE_READELF-NOTFOUND

//Flags used by the linker during the creation of shared libraries
// during all build types.
CMAKE_SHARED_LINKER_FLAGS:STRING=

//Flags used by the linker during the creation of shared libraries
// during DEBUG builds.
CMAKE_SHARED_LINKER_FLAGS_DEBUG:STRING=

//Flags used by the linker during the creation of shared libraries
// during MINSIZEREL builds.
CMAKE_SHARED_LINKER_FLAGS_MINSIZEREL:STRING=

//Flags used by the linker during the creation of shared libraries
// during RELEASE builds.
CMAKE_SHARED_LINKER_FLAGS_RELEASE:STRING=

//Flags used by the linker during the creation of shared libraries
// during RELWITHDEBINFO builds.
CMAKE_SHARED_LINKER_FLAGS_RELWITHDEBINFO:STRING=

//If set, runtime paths are not added when installing shared libraries,
// but are added when building.
CMAKE_SKIP_INSTALL_RPATH:BOOL=NO

//If set, runtime paths are not added when using shared libraries.
CMAKE_SKIP_RPATH:BOOL=NO

//Flags used by the linker during the creation of static libraries
// during all build types.
CMAKE_STATIC_LINKER_FLAGS:STRING=

//Flags used by the linker during the creation of static libraries
// during DEBUG builds.
CMAKE_STATIC_LINKER_FLAGS_DEBUG:STRING=

//Flags used by the linker during the creation of static libraries
// during MINSIZEREL builds.
CMAKE_STATIC_LINKER_FLAGS_MINSIZEREL:STRING=

//Flags used by the linker during the creation of static libraries
// during RELEASE builds.
CMAKE_STATIC_LINKER_FLAGS_RELEASE:STRING=

//Flags used by the linker during the creation of static libraries
// during RELWITHDEBINFO builds.
CMAKE_STATIC_LINKER_FLAGS_RELWITHDEBINFO:STRING=

//Path to a program.
CMAKE_STRIP:FILEPATH=/Library/Developer/CommandLineTools/usr/bin/strip

//Path to a program.
CMAKE_TAPI:FILEPATH=/Library/Developer/CommandLineTools/usr/bin/tapi

//If this value is on, makefiles will be generated without the
// .SILENT directive, and all commands will be echoed to the console
// during the make.  This is useful for debugging only. With Visual
// Studio IDE projects all commands are done without /nologo.
CMAKE_VERBOSE_MAKEFILE:BOOL=FALSE

//Enable to build RPM source packages
CPACK_SOURCE_RPM:BOOL=OFF

//Enable to build TBZ2 source packages
CPACK_SOURCE_TBZ2:BOOL=ON

//Enable to build TGZ source packages
CPACK_SOURCE_TGZ:BOOL=ON

//Enable to build TXZ source packages
CPACK_SOURCE_TXZ:BOOL=ON

//Enable to build TZ source packages
CPACK_SOURCE_TZ:BOOL=ON

//Enable to build ZIP source packages
CPACK_SOURCE_ZIP:BOOL=OFF

//Path to a program.
DOXYGEN_EXECUTABLE:FILEPATH=DOXYGEN_EXECUTABLE-NOTFOUND

//Path to a file.
GLIB2_GLIBCONFIG_INCLUDE_DIR:PATH=/opt/homebrew/lib/glib-2.0/include

//Path to a file.
GLIB2_GLIB_INCLUDE_DIR:PATH=/opt/homebrew/include/glib-2.0

//Path to a library.
GLIB2_GLIB_LIBRARY:FILEPATH=/opt/homebrew/lib/libglib-2.0.dylib

//Path to a program.
GO_EXECUTABLE:FILEPATH=/opt/homebrew/bin/go

//Path to a program.
Java_IDLJ_EXECUTABLE:FILEPATH=/usr/bin/idlj

//Path to a program.
Java_JARSIGNER_EXECUTABLE:FILEPATH=/usr/bin/jarsigner

//Path to a program.
Java_JAR_EXECUTABLE:FILEPATH=/usr/bin/jar

//Path to a program.
Java_JAVAC_EXECUTABLE:FILEPATH=/usr/bin/javac

//Path to a program.
Java_JAVADOC_EXECUTABLE:FILEPATH=/usr/bin/javadoc

//Path to a program.
Java_JAVAH_EXECUTABLE:FILEPATH=/usr/bin/javah

//Path to the Java executable
Java_JAVA_EXECUTABLE:PATH=Java_JAVA_EXECUTABLE-NOTFOUND

//Build test and example programs
LCM_ENABLE_EXAMPLES:BOOL=ON

//Build Go utilities, bindings is source distributed
LCM_ENABLE_GO:BOOL=OFF

//Build Java bindings and utilities
LCM_ENABLE_JAVA:BOOL=OFF

//Build Lua bindings and utilities
LCM_ENABLE_LUA:BOOL=ON

//Build Python bindings and utilities
LCM_ENABLE_PYTHON:BOOL=ON

//Build unit tests
LCM_ENABLE_TESTS:BOOL=ON

//Install autotools support M4 macros
LCM_INSTALL_M4MACROS:BOOL=ON

//Install pkg-config files
LCM_INSTALL_PKGCONFIG:BOOL=ON

//Path to a program.
LUA_EXECUTABLE:FILEPATH=/opt/homebrew/bin/lua

//Path to a file.
LUA_INCLUDE_DIR:PATH=/opt/homebrew/include/lua

//Path to a library.
LUA_LIBRARY:FILEPATH=/opt/homebrew/lib/liblua5.4.dylib

//Value Computed by CMake
gtest_BINARY_DIR:STATIC=/Users/carefreelife/Desktop/INU/2024_5_1/capstone_design2/code/build/test/gtest

//Value Computed by CMake
gtest_IS_TOP_LEVEL:STATIC=OFF

//Value Computed by CMake
gtest_SOURCE_DIR:STATIC=/Users/carefreelife/Desktop/INU/2024_5_1/capstone_design2/code/Server/lcm-1.5.0/test/gtest

//Dependencies for the target
gtest_main_LIB_DEPENDS:STATIC=general;gtest;

//Dependencies for the target
lcm-lua_LIB_DEPENDS:STATIC=general;lcm;general;/opt/homebrew/lib/liblua5.4.dylib;

//Dependencies for the target
lcm-static_LIB_DEPENDS:STATIC=general;GLib2::glib;

//Dependencies for the target
lcm-test-types-c_LIB_DEPENDS:STATIC=general;lcm;

//Value Computed by CMake
lcm_BINARY_DIR:STATIC=/Users/carefreelife/Desktop/INU/2024_5_1/capstone_design2/code/build

//Value Computed by CMake
lcm_IS_TOP_LEVEL:STATIC=ON

//Dependencies for the target
lcm_LIB_DEPENDS:STATIC=general;GLib2::glib;

//Value Computed by CMake
lcm_SOURCE_DIR:STATIC=/Users/carefreelife/Desktop/INU/2024_5_1/capstone_design2/code/Server/lcm-1.5.0


########################
# INTERNAL cache entries
########################

//ADVANCED property for variable: CMAKE_ADDR2LINE
CMAKE_ADDR2LINE-ADVANCED:INTERNAL=1
//ADVANCED property for variable: CMAKE_AR
CMAKE_AR-ADVANCED:INTERNAL=1
//This is the directory where this CMakeCache.txt was created
CMAKE_CACHEFILE_DIR:INTERNAL=/Users/carefreelife/Desktop/INU/2024_5_1/capstone_design2/code/build
//Major version of cmake used to create the current loaded cache
CMAKE_CACHE_MAJOR_VERSION:INTERNAL=3
//Minor version of cmake used to create the current loaded cache
CMAKE_CACHE_MINOR_VERSION:INTERNAL=29
//Patch version of cmake used to create the current loaded cache
CMAKE_CACHE_PATCH_VERSION:INTERNAL=1
//ADVANCED property for variable: CMAKE_COLOR_MAKEFILE
CMAKE_COLOR_MAKEFILE-ADVANCED:INTERNAL=1
//Path to CMake executable.
CMAKE_COMMAND:INTERNAL=/opt/homebrew/Cellar/cmake/3.29.1/bin/cmake
//Path to cpack program executable.
CMAKE_CPACK_COMMAND:INTERNAL=/opt/homebrew/Cellar/cmake/3.29.1/bin/cpack
//Path to ctest program executable.
CMAKE_CTEST_COMMAND:INTERNAL=/opt/homebrew/Cellar/cmake/3.29.1/bin/ctest
//ADVANCED property for variable: CMAKE_CXX_COMPILER
CMAKE_CXX_COMPILER-ADVANCED:INTERNAL=1
//Test CMAKE_CXX_COMPILER_SUPPORTS__Wall
CMAKE_CXX_COMPILER_SUPPORTS__Wall:INTERNAL=1
//Test CMAKE_CXX_COMPILER_SUPPORTS__Werror_return_type
CMAKE_CXX_COMPILER_SUPPORTS__Werror_return_type:INTERNAL=1
//Test CMAKE_CXX_COMPILER_SUPPORTS__Wno_format_zero_length
CMAKE_CXX_COMPILER_SUPPORTS__Wno_format_zero_length:INTERNAL=1
//Test CMAKE_CXX_COMPILER_SUPPORTS__Wno_unused_parameter
CMAKE_CXX_COMPILER_SUPPORTS__Wno_unused_parameter:INTERNAL=1
//Test CMAKE_CXX_COMPILER_SUPPORTS__Wshadow
CMAKE_CXX_COMPILER_SUPPORTS__Wshadow:INTERNAL=1
//Test CMAKE_CXX_COMPILER_SUPPORTS__Wuninitialized
CMAKE_CXX_COMPILER_SUPPORTS__Wuninitialized:INTERNAL=1
//Test CMAKE_CXX_COMPILER_SUPPORTS__Wunused_variable
CMAKE_CXX_COMPILER_SUPPORTS__Wunused_variable:INTERNAL=1
//ADVANCED property for variable: CMAKE_CXX_FLAGS
CMAKE_CXX_FLAGS-ADVANCED:INTERNAL=1
//ADVANCED property for variable: CMAKE_CXX_FLAGS_DEBUG
CMAKE_CXX_FLAGS_DEBUG-ADVANCED:INTERNAL=1
//ADVANCED property for variable: CMAKE_CXX_FLAGS_MINSIZEREL
CMAKE_CXX_FLAGS_MINSIZEREL-ADVANCED:INTERNAL=1
//ADVANCED property for variable: CMAKE_CXX_FLAGS_RELEASE
CMAKE_CXX_FLAGS_RELEASE-ADVANCED:INTERNAL=1
//ADVANCED property for variable: CMAKE_CXX_FLAGS_RELWITHDEBINFO
CMAKE_CXX_FLAGS_RELWITHDEBINFO-ADVANCED:INTERNAL=1
//ADVANCED property for variable: CMAKE_C_COMPILER
CMAKE_C_COMPILER-ADVANCED:INTERNAL=1
//Test CMAKE_C_COMPILER_SUPPORTS__Wall
CMAKE_C_COMPILER_SUPPORTS__Wall:INTERNAL=1
//Test CMAKE_C_COMPILER_SUPPORTS__Werror_return_type
CMAKE_C_COMPILER_SUPPORTS__Werror_return_type:INTERNAL=1
//Test CMAKE_C_COMPILER_SUPPORTS__Wno_format_zero_length
CMAKE_C_COMPILER_SUPPORTS__Wno_format_zero_length:INTERNAL=1
//Test CMAKE_C_COMPILER_SUPPORTS__Wno_unused_parameter
CMAKE_C_COMPILER_SUPPORTS__Wno_unused_parameter:INTERNAL=1
//Test CMAKE_C_COMPILER_SUPPORTS__Wshadow
CMAKE_C_COMPILER_SUPPORTS__Wshadow:INTERNAL=1
//Test CMAKE_C_COMPILER_SUPPORTS__Wuninitialized
CMAKE_C_COMPILER_SUPPORTS__Wuninitialized:INTERNAL=1
//Test CMAKE_C_COMPILER_SUPPORTS__Wunused_variable
CMAKE_C_COMPILER_SUPPORTS__Wunused_variable:INTERNAL=1
//Test CMAKE_C_COMPILER_SUPPORTS__std_gnu99
CMAKE_C_COMPILER_SUPPORTS__std_gnu99:INTERNAL=1
//ADVANCED property for variable: CMAKE_C_FLAGS
CMAKE_C_FLAGS-ADVANCED:INTERNAL=1
//ADVANCED property for variable: CMAKE_C_FLAGS_DEBUG
CMAKE_C_FLAGS_DEBUG-ADVANCED:INTERNAL=1
//ADVANCED property for variable: CMAKE_C_FLAGS_MINSIZEREL
CMAKE_C_FLAGS_MINSIZEREL-ADVANCED:INTERNAL=1
//ADVANCED property for variable: CMAKE_C_FLAGS_RELEASE
CMAKE_C_FLAGS_RELEASE-ADVANCED:INTERNAL=1
//ADVANCED property for variable: CMAKE_C_FLAGS_RELWITHDEBINFO
CMAKE_C_FLAGS_RELWITHDEBINFO-ADVANCED:INTERNAL=1
//ADVANCED property for variable: CMAKE_DLLTOOL
CMAKE_DLLTOOL-ADVANCED:INTERNAL=1
//Path to cache edit program executable.
CMAKE_EDIT_COMMAND:INTERNAL=/opt/homebrew/Cellar/cmake/3.29.1/bin/ccmake
//Executable file format
CMAKE_EXECUTABLE_FORMAT:INTERNAL=MACHO
//ADVANCED property for variable: CMAKE_EXE_LINKER_FLAGS
CMAKE_EXE_LINKER_FLAGS-ADVANCED:INTERNAL=1
//ADVANCED property for variable: CMAKE_EXE_LINKER_FLAGS_DEBUG
CMAKE_EXE_LINKER_FLAGS_DEBUG-ADVANCED:INTERNAL=1
//ADVANCED property for variable: CMAKE_EXE_LINKER_FLAGS_MINSIZEREL
CMAKE_EXE_LINKER_FLAGS_MINSIZEREL-ADVANCED:INTERNAL=1
//ADVANCED property for variable: CMAKE_EXE_LINKER_FLAGS_RELEASE
CMAKE_EXE_LINKER_FLAGS_RELEASE-ADVANCED:INTERNAL=1
//ADVANCED property for variable: CMAKE_EXE_LINKER_FLAGS_RELWITHDEBINFO
CMAKE_EXE_LINKER_FLAGS_RELWITHDEBINFO-ADVANCED:INTERNAL=1
//ADVANCED property for variable: CMAKE_EXPORT_COMPILE_COMMANDS
CMAKE_EXPORT_COMPILE_COMMANDS-ADVANCED:INTERNAL=1
//Name of external makefile project generator.
CMAKE_EXTRA_GENERATOR:INTERNAL=
//Name of generator.
CMAKE_GENERATOR:INTERNAL=Unix Makefiles
//Generator instance identifier.
CMAKE_GENERATOR_INSTANCE:INTERNAL=
//Name of generator platform.
CMAKE_GENERATOR_PLATFORM:INTERNAL=
//Name of generator toolset.
CMAKE_GENERATOR_TOOLSET:INTERNAL=
//Test CMAKE_HAVE_LIBC_PTHREAD
CMAKE_HAVE_LIBC_PTHREAD:INTERNAL=1
//Source directory with the top level CMakeLists.txt file for this
// project
CMAKE_HOME_DIRECTORY:INTERNAL=/Users/carefreelife/Desktop/INU/2024_5_1/capstone_design2/code/Server/lcm-1.5.0
//ADVANCED property for variable: CMAKE_INSTALL_NAME_TOOL
CMAKE_INSTALL_NAME_TOOL-ADVANCED:INTERNAL=1
//ADVANCED property for variable: CMAKE_LINKER
CMAKE_LINKER-ADVANCED:INTERNAL=1
//ADVANCED property for variable: CMAKE_MAKE_PROGRAM
CMAKE_MAKE_PROGRAM-ADVANCED:INTERNAL=1
//ADVANCED property for variable: CMAKE_MODULE_LINKER_FLAGS
CMAKE_MODULE_LINKER_FLAGS-ADVANCED:INTERNAL=1
//ADVANCED property for variable: CMAKE_MODULE_LINKER_FLAGS_DEBUG
CMAKE_MODULE_LINKER_FLAGS_DEBUG-ADVANCED:INTERNAL=1
//ADVANCED property for variable: CMAKE_MODULE_LINKER_FLAGS_MINSIZEREL
CMAKE_MODULE_LINKER_FLAGS_MINSIZEREL-ADVANCED:INTERNAL=1
//ADVANCED property for variable: CMAKE_MODULE_LINKER_FLAGS_RELEASE
CMAKE_MODULE_LINKER_FLAGS_RELEASE-ADVANCED:INTERNAL=1
//ADVANCED property for variable: CMAKE_MODULE_LINKER_FLAGS_RELWITHDEBINFO
CMAKE_MODULE_LINKER_FLAGS_RELWITHDEBINFO-ADVANCED:INTERNAL=1
//ADVANCED property for variable: CMAKE_NM
CMAKE_NM-ADVANCED:INTERNAL=1
//number of local generators
CMAKE_NUMBER_OF_MAKEFILES:INTERNAL=17
//ADVANCED property for variable: CMAKE_OBJCOPY
CMAKE_OBJCOPY-ADVANCED:INTERNAL=1
//ADVANCED property for variable: CMAKE_OBJDUMP
CMAKE_OBJDUMP-ADVANCED:INTERNAL=1
//Platform information initialized
CMAKE_PLATFORM_INFO_INITIALIZED:INTERNAL=1
//ADVANCED property for variable: CMAKE_RANLIB
CMAKE_RANLIB-ADVANCED:INTERNAL=1
//ADVANCED property for variable: CMAKE_READELF
CMAKE_READELF-ADVANCED:INTERNAL=1
//Path to CMake installation.
CMAKE_ROOT:INTERNAL=/opt/homebrew/Cellar/cmake/3.29.1/share/cmake
//ADVANCED property for variable: CMAKE_SHARED_LINKER_FLAGS
CMAKE_SHARED_LINKER_FLAGS-ADVANCED:INTERNAL=1
//ADVANCED property for variable: CMAKE_SHARED_LINKER_FLAGS_DEBUG
CMAKE_SHARED_LINKER_FLAGS_DEBUG-ADVANCED:INTERNAL=1
//ADVANCED property for variable: CMAKE_SHARED_LINKER_FLAGS_MINSIZEREL
CMAKE_SHARED_LINKER_FLAGS_MINSIZEREL-ADVANCED:INTERNAL=1
//ADVANCED property for variable: CMAKE_SHARED_LINKER_FLAGS_RELEASE
CMAKE_SHARED_LINKER_FLAGS_RELEASE-ADVANCED:INTERNAL=1
//ADVANCED property for variable: CMAKE_SHARED_LINKER_FLAGS_RELWITHDEBINFO
CMAKE_SHARED_LINKER_FLAGS_RELWITHDEBINFO-ADVANCED:INTERNAL=1
//ADVANCED property for variable: CMAKE_SKIP_INSTALL_RPATH
CMAKE_SKIP_INSTALL_RPATH-ADVANCED:INTERNAL=1
//ADVANCED property for variable: CMAKE_SKIP_RPATH
CMAKE_SKIP_RPATH-ADVANCED:INTERNAL=1
//ADVANCED property for variable: CMAKE_STATIC_LINKER_FLAGS
CMAKE_STATIC_LINKER_FLAGS-ADVANCED:INTERNAL=1
//ADVANCED property for variable: CMAKE_STATIC_LINKER_FLAGS_DEBUG
CMAKE_STATIC_LINKER_FLAGS_DEBUG-ADVANCED:INTERNAL=1
//ADVANCED property for variable: CMAKE_STATIC_LINKER_FLAGS_MINSIZEREL
CMAKE_STATIC_LINKER_FLAGS_MINSIZEREL-ADVANCED:INTERNAL=1
//ADVANCED property for variable: CMAKE_STATIC_LINKER_FLAGS_RELEASE
CMAKE_STATIC_LINKER_FLAGS_RELEASE-ADVANCED:INTERNAL=1
//ADVANCED property for variable: CMAKE_STATIC_LINKER_FLAGS_RELWITHDEBINFO
CMAKE_STATIC_LINKER_FLAGS_RELWITHDEBINFO-ADVANCED:INTERNAL=1
//ADVANCED property for variable: CMAKE_STRIP
CMAKE_STRIP-ADVANCED:INTERNAL=1
//ADVANCED property for variable: CMAKE_TAPI
CMAKE_TAPI-ADVANCED:INTERNAL=1
//uname command
CMAKE_UNAME:INTERNAL=/usr/bin/uname
//ADVANCED property for variable: CMAKE_VERBOSE_MAKEFILE
CMAKE_VERBOSE_MAKEFILE-ADVANCED:INTERNAL=1
//Compiler support for a deprecated attribute
COMPILER_HAS_DEPRECATED:INTERNAL=1
//Test COMPILER_HAS_DEPRECATED_ATTR
COMPILER_HAS_DEPRECATED_ATTR:INTERNAL=1
//Test COMPILER_HAS_HIDDEN_INLINE_VISIBILITY
COMPILER_HAS_HIDDEN_INLINE_VISIBILITY:INTERNAL=1
//Test COMPILER_HAS_HIDDEN_VISIBILITY
COMPILER_HAS_HIDDEN_VISIBILITY:INTERNAL=1
//ADVANCED property for variable: CPACK_SOURCE_RPM
CPACK_SOURCE_RPM-ADVANCED:INTERNAL=1
//ADVANCED property for variable: CPACK_SOURCE_TBZ2
CPACK_SOURCE_TBZ2-ADVANCED:INTERNAL=1
//ADVANCED property for variable: CPACK_SOURCE_TGZ
CPACK_SOURCE_TGZ-ADVANCED:INTERNAL=1
//ADVANCED property for variable: CPACK_SOURCE_TXZ
CPACK_SOURCE_TXZ-ADVANCED:INTERNAL=1
//ADVANCED property for variable: CPACK_SOURCE_TZ
CPACK_SOURCE_TZ-ADVANCED:INTERNAL=1
//ADVANCED property for variable: CPACK_SOURCE_ZIP
CPACK_SOURCE_ZIP-ADVANCED:INTERNAL=1
//Details about finding GLib2
FIND_PACKAGE_MESSAGE_DETAILS_GLib2:INTERNAL=[/opt/homebrew/lib/libglib-2.0.dylib][cfound components: glib ][v()]
//Details about finding GLib2_glib
FIND_PACKAGE_MESSAGE_DETAILS_GLib2_glib:INTERNAL=[/opt/homebrew/lib/libglib-2.0.dylib][/opt/homebrew/include/glib-2.0][/opt/homebrew/lib/glib-2.0/include][v()]
//Details about finding Go
FIND_PACKAGE_MESSAGE_DETAILS_Go:INTERNAL=[/opt/homebrew/bin/go][1.21.3][darwin][arm64][v1.21.3()]
//Details about finding Lua
FIND_PACKAGE_MESSAGE_DETAILS_Lua:INTERNAL=[/opt/homebrew/lib/liblua5.4.dylib][/opt/homebrew/include/lua][v5.4.6()]
//Details about finding Python
FIND_PACKAGE_MESSAGE_DETAILS_Python:INTERNAL=[/opt/homebrew/Frameworks/Python.framework/Versions/3.12/bin/python3.12][/opt/homebrew/opt/python@3.12/Frameworks/Python.framework/Versions/3.12/include/python3.12][/opt/homebrew/opt/python@3.12/Frameworks/Python.framework/Versions/3.12/lib/libpython3.12.dylib][cfound components: Interpreter Development Development.Module Development.Embed ][v3.12.2()]
//Details about finding Threads
FIND_PACKAGE_MESSAGE_DETAILS_Threads:INTERNAL=[TRUE][v()]
//ADVANCED property for variable: GLIB2_GLIBCONFIG_INCLUDE_DIR
GLIB2_GLIBCONFIG_INCLUDE_DIR-ADVANCED:INTERNAL=1
//ADVANCED property for variable: GLIB2_GLIB_INCLUDE_DIR
GLIB2_GLIB_INCLUDE_DIR-ADVANCED:INTERNAL=1
//ADVANCED property for variable: GLIB2_GLIB_LIBRARY
GLIB2_GLIB_LIBRARY-ADVANCED:INTERNAL=1
//ADVANCED property for variable: GO_EXECUTABLE
GO_EXECUTABLE-ADVANCED:INTERNAL=1
//ADVANCED property for variable: Java_IDLJ_EXECUTABLE
Java_IDLJ_EXECUTABLE-ADVANCED:INTERNAL=1
//ADVANCED property for variable: Java_JARSIGNER_EXECUTABLE
Java_JARSIGNER_EXECUTABLE-ADVANCED:INTERNAL=1
//ADVANCED property for variable: Java_JAR_EXECUTABLE
Java_JAR_EXECUTABLE-ADVANCED:INTERNAL=1
//ADVANCED property for variable: Java_JAVAC_EXECUTABLE
Java_JAVAC_EXECUTABLE-ADVANCED:INTERNAL=1
//ADVANCED property for variable: Java_JAVADOC_EXECUTABLE
Java_JAVADOC_EXECUTABLE-ADVANCED:INTERNAL=1
//ADVANCED property for variable: Java_JAVAH_EXECUTABLE
Java_JAVAH_EXECUTABLE-ADVANCED:INTERNAL=1
//ADVANCED property for variable: Java_JAVA_EXECUTABLE
Java_JAVA_EXECUTABLE-ADVANCED:INTERNAL=1
//ADVANCED property for variable: LUA_INCLUDE_DIR
LUA_INCLUDE_DIR-ADVANCED:INTERNAL=1
//ADVANCED property for variable: LUA_LIBRARY
LUA_LIBRARY-ADVANCED:INTERNAL=1
//Compiler reason failure
_Python_Compiler_REASON_FAILURE:INTERNAL=
_Python_DEVELOPMENT_EMBED_SIGNATURE:INTERNAL=af611d85e4c2c16f92386343d0460f9c
_Python_DEVELOPMENT_MODULE_SIGNATURE:INTERNAL=fae3ee229ece4e6c82395442d562778d
//Development reason failure
_Python_Development_REASON_FAILURE:INTERNAL=
_Python_EXECUTABLE:INTERNAL=/opt/homebrew/Frameworks/Python.framework/Versions/3.12/bin/python3.12
//Path to a file.
_Python_INCLUDE_DIR:INTERNAL=/opt/homebrew/opt/python@3.12/Frameworks/Python.framework/Versions/3.12/include/python3.12
//Python Properties
_Python_INTERPRETER_PROPERTIES:INTERNAL=Python;3;12;2;64;;cpython-312-darwin;abi3;/opt/homebrew/opt/python@3.12/Frameworks/Python.framework/Versions/3.12/lib/python3.12;/opt/homebrew/opt/python@3.12/Frameworks/Python.framework/Versions/3.12/lib/python3.12;/opt/homebrew/lib/python3.12/site-packages;/opt/homebrew/lib/python3.12/site-packages
_Python_INTERPRETER_SIGNATURE:INTERNAL=4a88e62a1732031393af8d56e6300efe
//Path to a library.
_Python_LIBRARY_RELEASE:INTERNAL=/opt/homebrew/opt/python@3.12/Frameworks/Python.framework/Versions/3.12/lib/libpython3.12.dylib
//NumPy reason failure
_Python_NumPy_REASON_FAILURE:INTERNAL=

